2025-12-17 12:42:30 | INFO | agenda_runner | üöÄ Starting agenda extraction for meeting 970
2025-12-17 12:42:30 | INFO | agenda_graph | [970] Fetching metadata...
2025-12-17 12:42:30 | ERROR | agenda_graph | [970] Error fetching meta: HTTPConnectionPool(host='localhost', port=8000): Max retries exceeded with url: /documents/search?meeting_id=970 (Caused by NewConnectionError('<urllib3.connection.HTTPConnection object at 0x7f0739af29c0>: Failed to establish a new connection: [Errno 111] Connection refused'))
2025-12-17 12:42:30 | ERROR | agenda_runner | ‚ùå Workflow finished with error: HTTPConnectionPool(host='localhost', port=8000): Max retries exceeded with url: /documents/search?meeting_id=970 (Caused by NewConnectionError('<urllib3.connection.HTTPConnection object at 0x7f0739af29c0>: Failed to establish a new connection: [Errno 111] Connection refused'))
2025-12-17 12:46:06 | INFO | agenda_runner | üöÄ Starting agenda extraction for meeting 970
2025-12-17 12:46:06 | INFO | agenda_graph | [970] Fetching metadata...
2025-12-17 12:46:06 | ERROR | agenda_graph | [970] Error fetching meta: No AGENDA document found for meeting 970
2025-12-17 12:46:06 | ERROR | agenda_runner | ‚ùå Workflow finished with error: No AGENDA document found for meeting 970
2025-12-17 12:47:31 | INFO | agenda_runner | üöÄ Starting agenda extraction for meeting 1301
2025-12-17 12:47:31 | INFO | agenda_graph | [1301] Fetching metadata...
2025-12-17 12:47:31 | ERROR | agenda_graph | [1301] Error fetching meta: No AGENDA document found for meeting 1301
2025-12-17 12:47:31 | ERROR | agenda_runner | ‚ùå Workflow finished with error: No AGENDA document found for meeting 1301
2025-12-17 13:17:31 | INFO | agenda_runner | üöÄ Starting agenda extraction for meeting 1301
2025-12-17 13:17:31 | INFO | agenda_graph | [1301] Fetching metadata...
2025-12-17 13:17:31 | ERROR | agenda_graph | [1301] Error fetching meta: HTTPConnectionPool(host='localhost', port=8081): Max retries exceeded with url: /documents/search?meeting_id=1301 (Caused by NewConnectionError('<urllib3.connection.HTTPConnection object at 0x7f34d2239820>: Failed to establish a new connection: [Errno 111] Connection refused'))
2025-12-17 13:17:31 | ERROR | agenda_runner | ‚ùå Workflow finished with error: HTTPConnectionPool(host='localhost', port=8081): Max retries exceeded with url: /documents/search?meeting_id=1301 (Caused by NewConnectionError('<urllib3.connection.HTTPConnection object at 0x7f34d2239820>: Failed to establish a new connection: [Errno 111] Connection refused'))
2025-12-17 14:29:43 | INFO | agenda_runner | üöÄ Starting agenda extraction for meeting 1301
2025-12-17 14:29:43 | INFO | agenda_graph | [1301] Fetching metadata...
2025-12-17 14:29:43 | ERROR | agenda_graph | [1301] Error fetching meta: No AGENDA document found for meeting 1301
2025-12-17 14:29:43 | ERROR | agenda_runner | ‚ùå Workflow finished with error: No AGENDA document found for meeting 1301
2025-12-17 14:34:18 | INFO | agenda_runner | üöÄ Starting agenda extraction for meeting 1011
2025-12-17 14:34:18 | INFO | agenda_graph | [1011] Fetching metadata...
2025-12-17 14:34:18 | INFO | agenda_graph | Loading agenda doc 1298...
2025-12-17 14:34:18 | WARNING | agenda_extractor | [1011] Empty document text provided for agenda extraction.
2025-12-17 14:34:18 | INFO | oracle_storage | [1011] No items to store.
2025-12-17 14:34:18 | INFO | agenda_runner | ‚úÖ Agenda extraction completed successfully for 1011
2025-12-17 14:34:18 | INFO | agenda_runner | Extracted Items: []
2025-12-17 14:36:40 | INFO | agenda_runner | üöÄ Starting agenda extraction for meeting 990
2025-12-17 14:36:40 | INFO | agenda_graph | [990] Fetching metadata...
2025-12-17 14:36:40 | INFO | agenda_graph | Loading agenda doc 1271...
2025-12-17 14:36:40 | WARNING | agenda_extractor | [990] Empty document text provided for agenda extraction.
2025-12-17 14:36:40 | INFO | oracle_storage | [990] No items to store.
2025-12-17 14:36:40 | INFO | agenda_runner | ‚úÖ Agenda extraction completed successfully for 990
2025-12-17 14:36:40 | INFO | agenda_runner | Extracted Items: []
2025-12-17 14:38:23 | INFO | agenda_runner | üöÄ Starting agenda extraction for meeting 990
2025-12-17 14:38:23 | INFO | agenda_graph | [990] Fetching metadata...
2025-12-17 14:38:23 | INFO | agenda_graph | Loading agenda doc 1271...
2025-12-17 14:38:23 | WARNING | agenda_extractor | [990] Empty document text provided for agenda extraction.
2025-12-17 14:38:23 | INFO | oracle_storage | [990] No items to store.
2025-12-17 14:38:23 | INFO | agenda_runner | ‚úÖ Agenda extraction completed successfully for 990
2025-12-17 14:38:23 | INFO | agenda_runner | Extracted Items: []
2025-12-17 14:43:45 | INFO | agenda_runner | üöÄ Starting agenda extraction for meeting 990
2025-12-17 14:43:45 | INFO | agenda_graph | [990] Fetching metadata...
2025-12-17 14:43:45 | INFO | agenda_graph | Loading agenda doc 1271...
2025-12-17 14:43:45 | WARNING | agenda_extractor | [990] Empty document text provided for agenda extraction.
2025-12-17 14:43:45 | INFO | oracle_storage | [990] No items to store.
2025-12-17 14:43:45 | INFO | agenda_runner | ‚úÖ Agenda extraction completed successfully for 990
2025-12-17 14:43:45 | INFO | agenda_runner | Extracted Items: []
2025-12-17 14:49:53 | INFO | agenda_runner | üöÄ Starting agenda extraction for meeting 990
2025-12-17 14:49:53 | INFO | agenda_graph | [990] Fetching metadata...
2025-12-17 14:49:53 | INFO | agenda_graph | Loading agenda doc 1271...
2025-12-17 14:49:53 | WARNING | agenda_extractor | [990] Empty document text provided for agenda extraction.
2025-12-17 14:49:53 | INFO | oracle_storage | [990] No items to store.
2025-12-17 14:49:53 | INFO | agenda_runner | ‚úÖ Agenda extraction completed successfully for 990
2025-12-17 14:49:53 | INFO | agenda_runner | Extracted Items: []
2025-12-17 14:51:05 | INFO | agenda_runner | üöÄ Starting agenda extraction for meeting 990
2025-12-17 14:51:05 | INFO | agenda_graph | [990] Fetching metadata...
2025-12-17 14:51:05 | INFO | agenda_graph | Loading agenda doc 1271...
2025-12-17 14:51:05 | INFO | agenda_extractor | [990] Extracting agenda items from text (546 chars)...
2025-12-17 14:51:05 | ERROR | agenda_extractor | [990] Failed to extract agenda items: HTTPConnectionPool(host='localhost', port=11434): Max retries exceeded with url: /api/chat (Caused by NewConnectionError('<urllib3.connection.HTTPConnection object at 0x7fe7f48246b0>: Failed to establish a new connection: [Errno 111] Connection refused'))
Traceback (most recent call last):
  File "/mnt/dev/devenv/lib64/python3.12/site-packages/urllib3/connection.py", line 174, in _new_conn
    conn = connection.create_connection(
           ^^^^^^^^^^^^^^^^^^^^^^^^^^^^^
  File "/mnt/dev/devenv/lib64/python3.12/site-packages/urllib3/util/connection.py", line 95, in create_connection
    raise err
  File "/mnt/dev/devenv/lib64/python3.12/site-packages/urllib3/util/connection.py", line 85, in create_connection
    sock.connect(sa)
ConnectionRefusedError: [Errno 111] Connection refused

During handling of the above exception, another exception occurred:

Traceback (most recent call last):
  File "/mnt/dev/devenv/lib64/python3.12/site-packages/urllib3/connectionpool.py", line 716, in urlopen
    httplib_response = self._make_request(
                       ^^^^^^^^^^^^^^^^^^^
  File "/mnt/dev/devenv/lib64/python3.12/site-packages/urllib3/connectionpool.py", line 416, in _make_request
    conn.request(method, url, **httplib_request_kw)
  File "/mnt/dev/devenv/lib64/python3.12/site-packages/urllib3/connection.py", line 244, in request
    super(HTTPConnection, self).request(method, url, body=body, headers=headers)
  File "/usr/lib64/python3.12/http/client.py", line 1338, in request
    self._send_request(method, url, body, headers, encode_chunked)
  File "/usr/lib64/python3.12/http/client.py", line 1384, in _send_request
    self.endheaders(body, encode_chunked=encode_chunked)
  File "/usr/lib64/python3.12/http/client.py", line 1333, in endheaders
    self._send_output(message_body, encode_chunked=encode_chunked)
  File "/usr/lib64/python3.12/http/client.py", line 1093, in _send_output
    self.send(msg)
  File "/usr/lib64/python3.12/http/client.py", line 1037, in send
    self.connect()
  File "/mnt/dev/devenv/lib64/python3.12/site-packages/urllib3/connection.py", line 205, in connect
    conn = self._new_conn()
           ^^^^^^^^^^^^^^^^
  File "/mnt/dev/devenv/lib64/python3.12/site-packages/urllib3/connection.py", line 186, in _new_conn
    raise NewConnectionError(
urllib3.exceptions.NewConnectionError: <urllib3.connection.HTTPConnection object at 0x7fe7f48246b0>: Failed to establish a new connection: [Errno 111] Connection refused

During handling of the above exception, another exception occurred:

Traceback (most recent call last):
  File "/mnt/dev/devenv/lib64/python3.12/site-packages/requests/adapters.py", line 644, in send
    resp = conn.urlopen(
           ^^^^^^^^^^^^^
  File "/mnt/dev/devenv/lib64/python3.12/site-packages/urllib3/connectionpool.py", line 802, in urlopen
    retries = retries.increment(
              ^^^^^^^^^^^^^^^^^^
  File "/mnt/dev/devenv/lib64/python3.12/site-packages/urllib3/util/retry.py", line 594, in increment
    raise MaxRetryError(_pool, url, error or ResponseError(cause))
urllib3.exceptions.MaxRetryError: HTTPConnectionPool(host='localhost', port=11434): Max retries exceeded with url: /api/chat (Caused by NewConnectionError('<urllib3.connection.HTTPConnection object at 0x7fe7f48246b0>: Failed to establish a new connection: [Errno 111] Connection refused'))

During handling of the above exception, another exception occurred:

Traceback (most recent call last):
  File "/mnt/dev/backend/workflow/agenda_ingestion/extract.py", line 47, in extract_agenda_items
    response = chain.invoke({"text": text})
               ^^^^^^^^^^^^^^^^^^^^^^^^^^^^
  File "/mnt/dev/devenv/lib64/python3.12/site-packages/langchain_core/runnables/base.py", line 3143, in invoke
    input_ = context.run(step.invoke, input_, config)
             ^^^^^^^^^^^^^^^^^^^^^^^^^^^^^^^^^^^^^^^^
  File "/mnt/dev/devenv/lib64/python3.12/site-packages/langchain_core/language_models/chat_models.py", line 398, in invoke
    self.generate_prompt(
  File "/mnt/dev/devenv/lib64/python3.12/site-packages/langchain_core/language_models/chat_models.py", line 1117, in generate_prompt
    return self.generate(prompt_messages, stop=stop, callbacks=callbacks, **kwargs)
           ^^^^^^^^^^^^^^^^^^^^^^^^^^^^^^^^^^^^^^^^^^^^^^^^^^^^^^^^^^^^^^^^^^^^^^^^
  File "/mnt/dev/devenv/lib64/python3.12/site-packages/langchain_core/language_models/chat_models.py", line 927, in generate
    self._generate_with_cache(
  File "/mnt/dev/devenv/lib64/python3.12/site-packages/langchain_core/language_models/chat_models.py", line 1221, in _generate_with_cache
    result = self._generate(
             ^^^^^^^^^^^^^^^
  File "/mnt/dev/devenv/lib64/python3.12/site-packages/langchain_community/chat_models/ollama.py", line 291, in _generate
    final_chunk = self._chat_stream_with_aggregation(
                  ^^^^^^^^^^^^^^^^^^^^^^^^^^^^^^^^^^^
  File "/mnt/dev/devenv/lib64/python3.12/site-packages/langchain_community/chat_models/ollama.py", line 222, in _chat_stream_with_aggregation
    for stream_resp in self._create_chat_stream(messages, stop, **kwargs):
                       ^^^^^^^^^^^^^^^^^^^^^^^^^^^^^^^^^^^^^^^^^^^^^^^^^^
  File "/mnt/dev/devenv/lib64/python3.12/site-packages/langchain_community/chat_models/ollama.py", line 194, in _create_chat_stream
    yield from self._create_stream(
               ^^^^^^^^^^^^^^^^^^^^
  File "/mnt/dev/devenv/lib64/python3.12/site-packages/langchain_community/llms/ollama.py", line 252, in _create_stream
    response = requests.post(
               ^^^^^^^^^^^^^^
  File "/mnt/dev/devenv/lib64/python3.12/site-packages/requests/api.py", line 115, in post
    return request("post", url, data=data, json=json, **kwargs)
           ^^^^^^^^^^^^^^^^^^^^^^^^^^^^^^^^^^^^^^^^^^^^^^^^^^^^
  File "/mnt/dev/devenv/lib64/python3.12/site-packages/requests/api.py", line 59, in request
    return session.request(method=method, url=url, **kwargs)
           ^^^^^^^^^^^^^^^^^^^^^^^^^^^^^^^^^^^^^^^^^^^^^^^^^
  File "/mnt/dev/devenv/lib64/python3.12/site-packages/requests/sessions.py", line 589, in request
    resp = self.send(prep, **send_kwargs)
           ^^^^^^^^^^^^^^^^^^^^^^^^^^^^^^
  File "/mnt/dev/devenv/lib64/python3.12/site-packages/requests/sessions.py", line 703, in send
    r = adapter.send(request, **kwargs)
        ^^^^^^^^^^^^^^^^^^^^^^^^^^^^^^^
  File "/mnt/dev/devenv/lib64/python3.12/site-packages/requests/adapters.py", line 677, in send
    raise ConnectionError(e, request=request)
requests.exceptions.ConnectionError: HTTPConnectionPool(host='localhost', port=11434): Max retries exceeded with url: /api/chat (Caused by NewConnectionError('<urllib3.connection.HTTPConnection object at 0x7fe7f48246b0>: Failed to establish a new connection: [Errno 111] Connection refused'))
2025-12-17 14:51:05 | INFO | oracle_storage | [990] No items to store.
2025-12-17 14:51:05 | INFO | agenda_runner | ‚úÖ Agenda extraction completed successfully for 990
2025-12-17 14:51:05 | INFO | agenda_runner | Extracted Items: []
2025-12-17 14:54:25 | INFO | agenda_runner | üöÄ Starting agenda extraction for meeting 990
2025-12-17 14:54:25 | INFO | agenda_graph | [990] Fetching metadata...
2025-12-17 14:54:25 | INFO | agenda_graph | Loading agenda doc 1271...
2025-12-17 14:54:25 | INFO | agenda_extractor | [990] Extracting agenda items from text (546 chars)...
2025-12-17 14:55:37 | INFO | agenda_extractor | [990] Extracted 4 agenda items.
2025-12-17 14:55:37 | ERROR | oracle_client | Oracle Batch Write Error: DPY-6005: cannot connect to database (CONNECTION_ID=UmAd06HeWVVUP61fDDen7Q==).
[Errno 111] Connection refused
2025-12-17 14:55:37 | ERROR | oracle_storage | [990] Store Error: DPY-6005: cannot connect to database (CONNECTION_ID=UmAd06HeWVVUP61fDDen7Q==).
[Errno 111] Connection refused
2025-12-17 14:55:37 | INFO | agenda_runner | ‚úÖ Agenda extraction completed successfully for 990
2025-12-17 14:55:37 | INFO | agenda_runner | Extracted Items: ['Review of Q4 SOX compliance status and key observations.', 'Discussion on control testing results and identified exceptions.', 'Status of documentation and evidence collection for key controls.', 'Planning next steps for audit readiness and control owner training.']
2025-12-17 15:09:11 | INFO | agenda_runner | üöÄ Starting agenda extraction for meeting 990
2025-12-17 15:09:11 | INFO | agenda_graph | [990] Fetching metadata...
2025-12-17 15:09:11 | INFO | agenda_graph | Loading agenda doc 1271...
2025-12-17 15:09:11 | INFO | agenda_extractor | [990] Extracting agenda items from text (546 chars)...
2025-12-17 15:09:57 | INFO | agenda_extractor | [990] Extracted 4 agenda items.
2025-12-17 15:09:57 | ERROR | oracle_client | Oracle Batch Write Error: ORA-12541: TNS:no listener
2025-12-17 15:09:57 | ERROR | oracle_storage | [990] Store Error: ORA-12541: TNS:no listener
2025-12-17 15:09:57 | INFO | agenda_runner | ‚úÖ Agenda extraction completed successfully for 990
2025-12-17 15:09:57 | INFO | agenda_runner | Extracted Items: ['Review of Q4 SOX compliance status and key observations.', 'Discussion on control testing results and identified exceptions.', 'Status of documentation and evidence collection for key controls.', 'Planning next steps for audit readiness and control owner training.']
2025-12-17 15:10:46 | INFO | agenda_runner | üöÄ Starting agenda extraction for meeting 990
2025-12-17 15:10:46 | INFO | agenda_graph | [990] Fetching metadata...
2025-12-17 15:10:46 | INFO | agenda_graph | Loading agenda doc 1271...
2025-12-17 15:10:46 | INFO | agenda_extractor | [990] Extracting agenda items from text (546 chars)...
2025-12-17 15:10:59 | INFO | agenda_extractor | [990] Extracted 4 agenda items.
2025-12-17 15:10:59 | ERROR | agenda_graph | Error storing agenda: name 'meeting_id' is not defined
2025-12-17 15:10:59 | ERROR | agenda_runner | ‚ùå Workflow finished with error: name 'meeting_id' is not defined
2025-12-17 15:12:00 | INFO | agenda_runner | üöÄ Starting agenda extraction for meeting 990
2025-12-17 15:12:00 | INFO | agenda_graph | [990] Fetching metadata...
2025-12-17 15:12:00 | INFO | agenda_graph | Loading agenda doc 1271...
2025-12-17 15:12:00 | INFO | agenda_extractor | [990] Extracting agenda items from text (546 chars)...
2025-12-17 15:12:13 | INFO | agenda_extractor | [990] Extracted 4 agenda items.
2025-12-17 15:12:13 | INFO | agenda_graph | [990] Storing In DB...
2025-12-17 15:12:13 | ERROR | oracle_client | Oracle Batch Write Error: ORA-12541: TNS:no listener
2025-12-17 15:12:13 | ERROR | oracle_storage | [990] Store Error: ORA-12541: TNS:no listener
2025-12-17 15:12:13 | INFO | agenda_graph | [990] Storing In DB Completed...
2025-12-17 15:12:13 | INFO | agenda_runner | ‚úÖ Agenda extraction completed successfully for 990
2025-12-17 15:12:13 | INFO | agenda_runner | Extracted Items: ['Review of Q4 SOX compliance status and key observations.', 'Discussion on control testing results and identified exceptions.', 'Status of documentation and evidence collection for key controls.', 'Planning next steps for audit readiness and control owner training.']
2025-12-17 15:19:26 | INFO | agenda_runner | üöÄ Starting agenda extraction for meeting 990
2025-12-17 15:19:26 | INFO | agenda_graph | [990] Fetching metadata...
2025-12-17 15:19:26 | INFO | agenda_graph | Loading agenda doc 1271...
2025-12-17 15:19:26 | INFO | agenda_extractor | [990] Extracting agenda items from text (546 chars)...
2025-12-17 15:20:11 | INFO | agenda_extractor | [990] Extracted 4 agenda items.
2025-12-17 15:20:11 | INFO | agenda_graph | [990] Storing In DB...
2025-12-17 15:20:11 | ERROR | oracle_client | Oracle Batch Write Error: ORA-12541: TNS:no listener
2025-12-17 15:20:11 | ERROR | oracle_storage | [990] Store Error: ORA-12541: TNS:no listener
2025-12-17 15:20:11 | INFO | agenda_graph | [990] Storing In DB Completed...
2025-12-17 15:20:11 | INFO | agenda_runner | ‚úÖ Agenda extraction completed successfully for 990
2025-12-17 15:20:11 | INFO | agenda_runner | Extracted Items: ['Review of Q4 SOX compliance status and key observations.', 'Discussion on control testing results and identified exceptions.', 'Status of documentation and evidence collection for key controls.', 'Planning next steps for audit readiness and control owner training.']
2025-12-17 15:34:57 | INFO | agenda_runner | üöÄ Starting agenda extraction for meeting 990
2025-12-17 15:34:57 | INFO | agenda_graph | [990] Fetching metadata...
2025-12-17 15:34:57 | INFO | agenda_graph | Loading agenda doc 1271...
2025-12-17 15:34:57 | INFO | agenda_extractor | [990] Extracting agenda items from text (546 chars)...
2025-12-17 15:35:43 | INFO | agenda_extractor | [990] Extracted 4 agenda items.
2025-12-17 15:35:43 | INFO | agenda_graph | [990] Storing In DB...
2025-12-17 15:35:43 | ERROR | oracle_client | Oracle Batch Write Error: ORA-12541: TNS:no listener
2025-12-17 15:35:43 | ERROR | oracle_storage | [990] Store Error: ORA-12541: TNS:no listener
2025-12-17 15:35:43 | INFO | agenda_graph | [990] Storing In DB Completed...
2025-12-17 15:35:43 | INFO | agenda_runner | ‚úÖ Agenda extraction completed successfully for 990
2025-12-17 15:35:43 | INFO | agenda_runner | Extracted Items: ['Review of Q4 SOX compliance status and key observations.', 'Discussion on control testing results and identified exceptions.', 'Status of documentation and evidence collection for key controls.', 'Planning next steps for audit readiness and control owner training.']
2025-12-17 15:58:06 | INFO | agenda_runner | üöÄ Starting agenda extraction for meeting 990
2025-12-17 15:58:06 | INFO | agenda_graph | [990] Fetching metadata...
2025-12-17 15:58:06 | INFO | agenda_graph | Loading agenda doc 1271...
2025-12-17 15:58:06 | INFO | agenda_extractor | [990] Extracting agenda items from text (546 chars)...
2025-12-17 15:58:56 | INFO | agenda_extractor | [990] Extracted 4 agenda items.
2025-12-17 15:58:56 | INFO | agenda_graph | [990] Storing In DB...
2025-12-17 15:58:56 | ERROR | oracle_client | Oracle Batch Write Error: ORA-12541: TNS:no listener
2025-12-17 15:58:56 | ERROR | oracle_storage | [990] Store Error: ORA-12541: TNS:no listener
2025-12-17 15:58:56 | INFO | agenda_graph | [990] Storing In DB Completed...
2025-12-17 15:58:56 | INFO | agenda_runner | ‚úÖ Agenda extraction completed successfully for 990
2025-12-17 15:58:56 | INFO | agenda_runner | Extracted Items: ['Review of Q4 SOX compliance status and key observations.', 'Discussion on control testing results and identified exceptions.', 'Status of documentation and evidence collection for key controls.', 'Planning next steps for audit readiness and control owner training.']
2025-12-17 16:19:43 | INFO | agenda_runner | üöÄ Starting agenda extraction for meeting 990
2025-12-17 16:19:43 | INFO | agenda_graph | [990] Fetching metadata...
2025-12-17 16:19:44 | INFO | agenda_graph | Loading agenda doc 1271...
2025-12-17 16:19:44 | INFO | agenda_extractor | [990] Extracting agenda items from text (546 chars)...
2025-12-17 16:20:21 | INFO | agenda_extractor | [990] Extracted 4 agenda items.
2025-12-17 16:20:21 | INFO | agenda_graph | [990] Storing In DB...
2025-12-17 16:20:21 | ERROR | oracle_client | Oracle Batch Write Error: ORA-12541: TNS:no listener
2025-12-17 16:20:21 | ERROR | oracle_storage | [990] Store Error: ORA-12541: TNS:no listener
2025-12-17 16:20:21 | INFO | agenda_graph | [990] Storing In DB Completed...
2025-12-17 16:20:21 | INFO | agenda_runner | ‚úÖ Agenda extraction completed successfully for 990
2025-12-17 16:20:21 | INFO | agenda_runner | Extracted Items: ['Review of Q4 SOX compliance status and key observations.', 'Discussion on control testing results and identified exceptions.', 'Status of documentation and evidence collection for key controls.', 'Planning next steps for audit readiness and control owner training.']
2025-12-17 16:23:54 | INFO | agenda_runner | üöÄ Starting agenda extraction for meeting 990
2025-12-17 16:23:54 | INFO | agenda_graph | [990] Fetching metadata...
2025-12-17 16:23:54 | INFO | agenda_graph | Loading agenda doc 1271...
2025-12-17 16:23:55 | INFO | agenda_extractor | [990] Extracting agenda items from text (546 chars)...
2025-12-17 16:24:06 | INFO | agenda_extractor | [990] Extracted 4 agenda items.
2025-12-17 16:24:06 | INFO | agenda_graph | [990] Storing In DB...
2025-12-17 16:24:06 | INFO | oracle_storage | [990] Successfully stored 4 agenda items in Oracle DB.
2025-12-17 16:24:06 | INFO | agenda_graph | [990] Storing In DB Completed...
2025-12-17 16:24:06 | INFO | agenda_runner | ‚úÖ Agenda extraction completed successfully for 990
2025-12-17 16:24:06 | INFO | agenda_runner | Extracted Items: ['Review of Q4 SOX compliance status and key observations.', 'Discussion on control testing results and identified exceptions.', 'Status of documentation and evidence collection for key controls.', 'Planning next steps for audit readiness and control owner training.']
2025-12-18 12:02:51 | INFO | agenda_runner | üöÄ Starting agenda extraction for meeting 990
2025-12-18 12:02:51 | INFO | agenda_graph | [990] Fetching metadata...
2025-12-18 12:02:51 | ERROR | agenda_graph | [990] Error fetching meta: HTTPConnectionPool(host='localhost', port=8081): Max retries exceeded with url: /documents/search?meeting_id=990 (Caused by NewConnectionError('<urllib3.connection.HTTPConnection object at 0x7fe28ba1c2c0>: Failed to establish a new connection: [Errno 111] Connection refused'))
2025-12-18 12:02:51 | ERROR | agenda_runner | ‚ùå Workflow finished with error: HTTPConnectionPool(host='localhost', port=8081): Max retries exceeded with url: /documents/search?meeting_id=990 (Caused by NewConnectionError('<urllib3.connection.HTTPConnection object at 0x7fe28ba1c2c0>: Failed to establish a new connection: [Errno 111] Connection refused'))
2025-12-18 12:10:00 | INFO | agenda_runner | üöÄ Starting agenda extraction for meeting 990
2025-12-18 12:10:00 | INFO | agenda_graph | [990] Fetching metadata...
2025-12-18 12:10:01 | INFO | agenda_graph | Loading agenda doc 1271...
2025-12-18 12:10:01 | WARNING | agenda_extractor | [990] Empty document text provided for agenda extraction.
2025-12-18 12:10:01 | INFO | agenda_graph | [990] Storing In DB...
2025-12-18 12:10:01 | INFO | oracle_storage | [990] No items to store.
2025-12-18 12:10:01 | INFO | agenda_graph | [990] Storing In DB Completed...
2025-12-18 12:10:01 | INFO | agenda_runner | ‚úÖ Agenda extraction completed successfully for 990
2025-12-18 12:10:01 | INFO | agenda_runner | Extracted Items: []
2025-12-18 12:12:46 | INFO | agenda_runner | üöÄ Starting agenda extraction for meeting 990
2025-12-18 12:12:46 | INFO | agenda_graph | [990] Fetching metadata...
2025-12-18 12:12:46 | INFO | agenda_graph | Loading agenda doc 1271...
2025-12-18 12:12:46 | INFO | agenda_extractor | [990] Extracting agenda items from text (546 chars)...
2025-12-18 12:20:03 | INFO | agenda_runner | üöÄ Starting agenda extraction for meeting 990
2025-12-18 12:20:03 | INFO | agenda_graph | [990] Fetching metadata...
2025-12-18 12:20:03 | INFO | agenda_graph | Loading agenda doc 1271...
2025-12-18 12:20:03 | INFO | agenda_extractor | [990] Extracting agenda items from text (546 chars)...
2025-12-18 12:21:14 | INFO | agenda_extractor | [990] Extracted 4 agenda items.
2025-12-18 12:21:14 | INFO | agenda_graph | [990] Storing In DB...
2025-12-18 12:21:15 | INFO | oracle_storage | [990] Successfully stored 4 agenda items in Oracle DB.
2025-12-18 12:21:15 | INFO | agenda_graph | [990] Storing In DB Completed...
2025-12-18 12:21:15 | INFO | agenda_runner | ‚úÖ Agenda extraction completed successfully for 990
2025-12-18 12:21:15 | INFO | agenda_runner | Extracted Items: ['Review of Q4 SOX compliance status and key observations.', 'Discussion on control testing results and identified exceptions.', 'Status of documentation and evidence collection for key controls.', 'Planning next steps for audit readiness and control owner training.']
2025-12-18 19:09:48 | INFO | agenda_runner | üöÄ Starting agenda extraction for meeting 990
2025-12-18 19:09:48 | INFO | agenda_graph | [990] Fetching metadata...
2025-12-18 19:09:48 | INFO | agenda_graph | Loading agenda doc 1271...
2025-12-18 19:09:49 | INFO | agenda_extractor | [990] Extracting agenda items from text (546 chars)...
2025-12-18 19:10:22 | INFO | agenda_extractor | [990] Extracted 4 agenda items.
2025-12-18 19:10:22 | INFO | agenda_graph | [990] Storing In DB...
2025-12-18 19:10:22 | INFO | oracle_storage | [990] Successfully stored 4 agenda items in Oracle DB.
2025-12-18 19:10:22 | INFO | agenda_graph | [990] Storing In DB Completed...
2025-12-18 19:10:22 | INFO | agenda_runner | ‚úÖ Agenda extraction completed successfully for 990
2025-12-18 19:10:22 | INFO | agenda_runner | Extracted Items: ['Review of Q4 SOX compliance status and key observations.', 'Discussion on control testing results and identified exceptions.', 'Status of documentation and evidence collection for key controls.', 'Planning next steps for audit readiness and control owner training.']
2025-12-19 12:10:01 | INFO | agenda_runner | üöÄ Starting agenda extraction for meeting 990
2025-12-19 12:10:01 | INFO | agenda_graph | [990] Fetching metadata...
2025-12-19 12:10:01 | INFO | agenda_graph | Loading agenda doc 1271...
2025-12-19 12:10:01 | INFO | agenda_extractor | [990] Extracting agenda items from text (546 chars)...
2025-12-19 12:11:49 | INFO | agenda_runner | üöÄ Starting agenda extraction for meeting 990
2025-12-19 12:11:49 | INFO | agenda_graph | [990] Fetching metadata...
2025-12-19 12:11:50 | INFO | agenda_graph | Loading agenda doc 1271...
2025-12-19 12:11:50 | INFO | agenda_extractor | [990] Extracting agenda items from text (546 chars)...
2025-12-19 12:12:06 | INFO | agenda_extractor | [990] Extracted 4 agenda items.
2025-12-19 12:12:06 | INFO | agenda_graph | [990] Storing In DB...
2025-12-19 12:12:06 | INFO | oracle_storage | [990] Successfully stored 4 agenda items in Oracle DB.
2025-12-19 12:12:06 | INFO | agenda_graph | [990] Storing In DB Completed...
2025-12-19 12:12:06 | INFO | agenda_runner | ‚úÖ Agenda extraction completed successfully for 990
2025-12-19 12:12:06 | INFO | agenda_runner | Extracted Items: ['Review of Q4 SOX compliance status and key observations.', 'Discussion on control testing results and identified exceptions.', 'Status of documentation and evidence collection for key controls.', 'Planning next steps for audit readiness and control owner training.']
2025-12-19 14:59:03 | INFO | agenda_runner | üöÄ Starting agenda extraction for meeting 990
2025-12-19 14:59:03 | INFO | agenda_graph | [990] Fetching metadata...
2025-12-19 14:59:04 | INFO | agenda_graph | Loading agenda doc 1271...
2025-12-19 14:59:04 | INFO | agenda_extractor | [990] Extracting agenda items from text (546 chars)...
2025-12-19 14:59:52 | INFO | agenda_extractor | [990] Extracted 4 agenda items.
2025-12-19 14:59:52 | INFO | agenda_graph | [990] Storing In DB...
2025-12-19 14:59:53 | INFO | oracle_storage | [990] Successfully stored 4 agenda items in Oracle DB.
2025-12-19 14:59:53 | INFO | agenda_graph | [990] Storing In DB Completed...
2025-12-19 14:59:53 | INFO | agenda_runner | ‚úÖ Agenda extraction completed successfully for 990
2025-12-19 14:59:53 | INFO | agenda_runner | Extracted Items: ['Review of Q4 SOX compliance status and key observations.', 'Discussion on control testing results and identified exceptions.', 'Status of documentation and evidence collection for key controls.', 'Planning next steps for audit readiness and control owner training.']
2025-12-23 14:07:32 | INFO | agenda_runner | üöÄ Starting agenda extraction for meeting 990
2025-12-23 14:07:50 | INFO | agenda_runner | üöÄ Starting agenda extraction for meeting 990
2025-12-23 14:07:50 | INFO | agenda_graph | Loading agenda doc for meeting id 990 and DocType.AGENDA...
2025-12-23 14:07:50 | WARNING | agenda_extractor | [990] Empty document text provided for agenda extraction.
2025-12-23 14:07:50 | INFO | agenda_graph | [990] Storing In DB...
2025-12-23 14:07:50 | INFO | oracle_storage | [990] No items to store.
2025-12-23 14:07:50 | INFO | agenda_graph | [990] Storing In DB Completed...
2025-12-23 14:07:50 | INFO | agenda_runner | ‚úÖ Agenda extraction completed successfully for 990
2025-12-23 14:07:50 | INFO | agenda_runner | Extracted Items: []
2025-12-23 14:11:55 | INFO | agenda_runner | üöÄ Starting agenda extraction for meeting 990
2025-12-23 14:11:55 | INFO | agenda_graph | Loading agenda doc for meeting id 990 and DocType.AGENDA...
2025-12-23 14:11:55 | WARNING | agenda_extractor | [990] Empty document text provided for agenda extraction.
2025-12-23 14:11:55 | INFO | agenda_graph | [990] Storing In DB...
2025-12-23 14:11:55 | INFO | oracle_storage | [990] No items to store.
2025-12-23 14:11:55 | INFO | agenda_graph | [990] Storing In DB Completed...
2025-12-23 14:11:55 | INFO | agenda_runner | ‚úÖ Agenda extraction completed successfully for 990
2025-12-23 14:11:55 | INFO | agenda_runner | Extracted Items: []
2025-12-23 14:13:02 | INFO | agenda_runner | üöÄ Starting agenda extraction for meeting 990
2025-12-23 14:13:02 | INFO | agenda_graph | Loading agenda doc for meeting id 990 and DocType.AGENDA...
2025-12-23 14:13:02 | WARNING | agenda_extractor | [990] Empty document text provided for agenda extraction.
2025-12-23 14:13:02 | INFO | agenda_graph | [990] Storing In DB...
2025-12-23 14:13:02 | INFO | oracle_storage | [990] No items to store.
2025-12-23 14:13:02 | INFO | agenda_graph | [990] Storing In DB Completed...
2025-12-23 14:13:02 | INFO | agenda_runner | ‚úÖ Agenda extraction completed successfully for 990
2025-12-23 14:13:02 | INFO | agenda_runner | Extracted Items: []
2025-12-23 14:13:43 | INFO | agenda_runner | üöÄ Starting agenda extraction for meeting 990
2025-12-23 14:13:43 | INFO | agenda_graph | Loading agenda doc for meeting id 990 and DocType.AGENDA...
2025-12-23 14:13:44 | INFO | agenda_extractor | [990] Extracting agenda items from text (3949 chars)...
2025-12-23 14:14:29 | INFO | agenda_runner | üöÄ Starting agenda extraction for meeting 990
2025-12-23 14:14:29 | INFO | agenda_graph | Loading agenda doc for meeting id 990 and DocType.AGENDA...
2025-12-23 14:14:30 | INFO | agenda_graph | text extracted : Non-Confidential 
NOTE: Ensure that your servers are available in ITAM (IT Asset Management) before 
submitting the request. In case the server is not in the ITAM database or ServiceNow, 
contact ITAM
2025-12-23 14:14:30 | INFO | agenda_extractor | [990] Extracting agenda items from text (3949 chars)...
2025-12-23 14:36:25 | INFO | agenda_runner | üöÄ Starting agenda extraction for meeting 990
2025-12-23 14:36:25 | INFO | agenda_graph | Loading agenda doc for meeting id 990 and DocType.AGENDA...
2025-12-23 14:36:25 | ERROR | agenda_graph | Error loading agenda: string indices must be integers, not 'str'
2025-12-23 14:36:25 | ERROR | agenda_runner | ‚ùå Workflow finished with error: string indices must be integers, not 'str'
2025-12-23 14:36:57 | INFO | agenda_runner | üöÄ Starting agenda extraction for meeting 990
2025-12-23 14:36:57 | INFO | agenda_graph | Loading agenda doc for meeting id 990 and DocType.AGENDA...
2025-12-23 14:36:57 | ERROR | agenda_graph | Error loading agenda: string indices must be integers, not 'str'
2025-12-23 14:36:57 | ERROR | agenda_runner | ‚ùå Workflow finished with error: string indices must be integers, not 'str'
2025-12-23 14:38:24 | INFO | agenda_runner | üöÄ Starting agenda extraction for meeting 990
2025-12-23 14:38:24 | INFO | agenda_graph | Loading agenda doc for meeting id 990 and DocType.AGENDA...
2025-12-23 14:38:24 | INFO | load_doc | file name 990_10.pdf
2025-12-23 14:38:25 | INFO | agenda_graph | text extracted : Non-Confidential 
NOTE: Ensure that your servers are available in ITAM (IT Asset Management) before 
submitting the request. In case the server is not in the ITAM database or ServiceNow, 
contact ITAM
2025-12-23 14:38:25 | INFO | agenda_extractor | [990] Extracting agenda items from text (3949 chars)...
2025-12-23 14:40:23 | INFO | agenda_runner | üöÄ Starting agenda extraction for meeting 990
2025-12-23 14:40:23 | INFO | agenda_graph | Loading agenda doc for meeting id 990 and DocType.AGENDA...
2025-12-23 14:40:23 | INFO | load_doc | file name agenda_di_20251104_154637.pdf
2025-12-23 14:40:23 | INFO | agenda_graph | text extracted : Non-Confidential 
NOTE: Ensure that your servers are available in ITAM (IT Asset Management) before 
submitting the request. In case the server is not in the ITAM database or ServiceNow, 
contact ITAM
2025-12-23 14:40:23 | INFO | agenda_extractor | [990] Extracting agenda items from text (3949 chars)...
2025-12-23 18:35:24 | INFO | agenda_runner | üöÄ Starting agenda extraction for meeting 990
2025-12-23 18:35:24 | INFO | agenda_graph | Loading agenda doc for meeting id 990 and DocType.AGENDA...
2025-12-23 18:35:24 | ERROR | agenda_graph | Error loading agenda: string indices must be integers, not 'str'
2025-12-23 18:35:24 | ERROR | agenda_runner | ‚ùå Workflow finished with error: string indices must be integers, not 'str'
2025-12-23 19:53:38 | INFO | agenda_runner | üöÄ Starting agenda extraction for meeting 1050
2025-12-23 19:53:38 | INFO | agenda_graph | Loading agenda doc for meeting id 1050 and DocType.AGENDA...
2025-12-23 19:53:38 | ERROR | agenda_graph | Error loading agenda: string indices must be integers, not 'str'
2025-12-23 19:53:38 | ERROR | agenda_runner | ‚ùå Workflow finished with error: string indices must be integers, not 'str'
2025-12-23 19:56:13 | INFO | agenda_runner | üöÄ Starting agenda extraction for meeting 1050
2025-12-23 19:56:13 | INFO | agenda_graph | Loading agenda doc for meeting id 1050 and DocType.AGENDA...
2025-12-23 19:56:13 | INFO | load_doc | file name Agenda_01_20251223_193603.pdf
2025-12-23 19:56:14 | INFO | agenda_graph | text extracted : CORPORATE GOVERNANCE & RISK MANAGEMENT 
 
2025 STRATEGY & Q1 REVIEW MEETING DETAILS 
 
Date: 23 Dec 2025 
Time: 7:40 PM ‚Äì 09:30 PM 
Location: Conference Room ‚Äì 3rd Floor / Microsoft Teams 
Organizer: 
2025-12-23 19:56:14 | INFO | agenda_extractor | [1050] Extracting agenda items from text (642 chars)...
2025-12-23 19:57:09 | INFO | agenda_extractor | [1050] Extracted 5 agenda items.
2025-12-23 19:57:09 | INFO | agenda_graph | [1050] Storing In DB...
2025-12-23 19:57:09 | INFO | oracle_storage | [1050] Successfully stored 5 agenda items in Oracle DB.
2025-12-23 19:57:09 | INFO | agenda_graph | [1050] Storing In DB Completed...
2025-12-23 19:57:09 | INFO | agenda_runner | ‚úÖ Agenda extraction completed successfully for 1050
2025-12-23 19:57:09 | INFO | agenda_runner | Extracted Items: ['Review of key governance outcomes for FY 2025 and regulatory updates.', 'Q1 2026 enterprise risk landscape and emerging risk analysis.', 'Status update on internal audit action items and closure timelines.', 'Overview of technology risk, cybersecurity readiness, and incident trends.', 'Alignment on 2026 governance priorities, controls enhancement, and risk mitigation roadmap.']
2025-12-23 20:22:12 | INFO | agenda_runner | üöÄ Starting agenda extraction for meeting 1050
2025-12-23 20:22:12 | INFO | agenda_graph | Loading agenda doc for meeting id 1050 and DocType.AGENDA...
2025-12-23 20:22:12 | INFO | load_doc | file name Agenda_01_20251223_193603.pdf
2025-12-23 20:22:12 | INFO | agenda_graph | text extracted : CORPORATE GOVERNANCE & RISK MANAGEMENT 
 
2025 STRATEGY & Q1 REVIEW MEETING DETAILS 
 
Date: 23 Dec 2025 
Time: 7:40 PM ‚Äì 09:30 PM 
Location: Conference Room ‚Äì 3rd Floor / Microsoft Teams 
Organizer: 
2025-12-23 20:22:12 | INFO | agenda_extractor | [1050] Extracting agenda items from text (642 chars)...
2025-12-23 20:22:27 | INFO | agenda_extractor | [1050] Extracted 5 agenda items.
2025-12-23 20:22:27 | INFO | agenda_graph | [1050] Storing In DB...
2025-12-23 20:22:27 | INFO | oracle_storage | [1050] Successfully stored 5 agenda items in Oracle DB.
2025-12-23 20:22:27 | INFO | agenda_graph | [1050] Storing In DB Completed...
2025-12-23 20:22:27 | INFO | agenda_runner | ‚úÖ Agenda extraction completed successfully for 1050
2025-12-23 20:22:27 | INFO | agenda_runner | Extracted Items: ['Review of key governance outcomes for FY 2025 and regulatory updates.', 'Q1 2026 enterprise risk landscape and emerging risk analysis.', 'Status update on internal audit action items and closure timelines.', 'Overview of technology risk, cybersecurity readiness, and incident trends.', 'Alignment on 2026 governance priorities, controls enhancement, and risk mitigation roadmap.']
2025-12-24 12:39:41 | INFO | agenda_runner | üöÄ Starting agenda extraction for meeting 1070
2025-12-24 12:39:41 | INFO | agenda_graph | Loading agenda doc for meeting id 1070 and DocType.AGENDA...
2025-12-24 12:39:41 | INFO | load_doc | file name Agenda_20251223_201309.pdf
2025-12-24 12:39:41 | INFO | agenda_graph | text extracted : Agenda ‚Äì Compliance Review & Governance Meeting 
 
Meeting Details 
‚Ä¢ Date: 23 December 2025 
‚Ä¢ Time: 9:00 PM ‚Äì 11:00 PM 
‚Ä¢ Mode: Microsoft Teams 
‚Ä¢ Chairperson: Compliance Head 
‚Ä¢ Participants: Compl
2025-12-24 12:39:41 | INFO | agenda_extractor | [1070] Extracting agenda items from text (639 chars)...
2025-12-24 12:39:57 | INFO | agenda_extractor | [1070] Extracted 9 agenda items.
2025-12-24 12:39:57 | INFO | agenda_graph | [1070] Storing In DB...
2025-12-24 12:39:57 | INFO | oracle_storage | [1070] Successfully stored 9 agenda items in Oracle DB.
2025-12-24 12:39:57 | INFO | agenda_graph | [1070] Storing In DB Completed...
2025-12-24 12:39:57 | INFO | agenda_runner | ‚úÖ Agenda extraction completed successfully for 1070
2025-12-24 12:39:57 | INFO | agenda_runner | Extracted Items: ['1. Opening remarks by the Chairperson', '2. Review of applicable compliance and regulatory requirements', '3. Status update on ongoing compliance actions', '4. Discussion on compliance gaps, risks, and observations', '5. Review of audit / inspection observations', '6. Finalization of action items and ownership', '7. Timelines and next steps', '8. Any Other Business (AOB)', '9. Meeting closure']
2025-12-24 13:01:08 | INFO | agenda_runner | üöÄ Starting agenda extraction for meeting 1090
2025-12-24 13:01:08 | INFO | agenda_graph | Loading agenda doc for meeting id 1090 and DocType.AGENDA...
2025-12-24 13:01:08 | INFO | load_doc | file name Automation Meeting Agenda_20251224_121017.pdf
2025-12-24 13:01:08 | INFO | agenda_graph | text extracted : Meeting Agenda 
 
Topic: Automation for Candidate Onboarding 
Meeting Details 
‚Ä¢ Date: 24 December 2025 
‚Ä¢ Time: 01:00 AM ‚Äì 02:00 PM 
‚Ä¢ Mode: Microsoft Teams 
 
1. Purpose of the meeting 
2. Brief ove
2025-12-24 13:01:08 | INFO | agenda_extractor | [1090] Extracting agenda items from text (444 chars)...
2025-12-24 13:01:24 | INFO | agenda_extractor | [1090] Extracted 10 agenda items.
2025-12-24 13:01:24 | INFO | agenda_graph | [1090] Storing In DB...
2025-12-24 13:01:24 | INFO | oracle_storage | [1090] Successfully stored 10 agenda items in Oracle DB.
2025-12-24 13:01:24 | INFO | agenda_graph | [1090] Storing In DB Completed...
2025-12-24 13:01:24 | INFO | agenda_runner | ‚úÖ Agenda extraction completed successfully for 1090
2025-12-24 13:01:24 | INFO | agenda_runner | Extracted Items: ['Automation for Candidate Onboarding', 'Purpose of the meeting', 'Brief overview of current onboarding process', 'Areas where automation can be implemented', 'Benefits of automating onboarding', 'High-level implementation approach', 'Challenges and considerations', 'Open discussion', 'Next steps and action items', 'Meeting Details (Date, Time, Mode)']
2025-12-24 14:44:27 | INFO | agenda_runner | üöÄ Starting agenda extraction for meeting 1110
2025-12-24 14:44:27 | INFO | agenda_graph | Loading agenda doc for meeting id 1110 and DocType.AGENDA...
2025-12-24 14:44:27 | INFO | load_doc | file name Agenda of Meeting _20251224_144101.pdf
2025-12-24 14:44:27 | INFO | agenda_graph | text extracted : Non-Confidential 
Agenda of Meeting  
Meeting Title ‚Äì Implementation and Planning Strategy  
Date and Time ‚Äì 24 Dec 2025 | 4 PM to 6 PM  
Meeting Venue ‚Äì Online  
 
 
1. Replication Lag & Latency Moni
2025-12-24 14:44:27 | INFO | agenda_extractor | [1110] Extracting agenda items from text (1657 chars)...
2025-12-24 14:44:48 | INFO | agenda_extractor | [1110] Extracted 8 agenda items.
2025-12-24 14:44:48 | INFO | agenda_graph | [1110] Storing In DB...
2025-12-24 14:44:48 | INFO | oracle_storage | [1110] Successfully stored 8 agenda items in Oracle DB.
2025-12-24 14:44:48 | INFO | agenda_graph | [1110] Storing In DB Completed...
2025-12-24 14:44:48 | INFO | agenda_runner | ‚úÖ Agenda extraction completed successfully for 1110
2025-12-24 14:44:48 | INFO | agenda_runner | Extracted Items: ['Replication Lag & Latency Monitoring', 'Gen AI Capability for DRHP & LLM Usage', 'LLM Governance & Policy Framework', 'Stratus Infrastructure Continuity & Alternatives', 'Data Encryption for Data-in-Motion (Multicast)', 'Testing Centre of Excellence (TCoE) ‚Äì Resource Alignment', 'LLM Usage in Technology Debt Analysis', 'Cyber Security Incidents & User Validation Controls']
